<?xml version="1.0" encoding="UTF-8"?>
<!-- Generated by org.testng.reporters.JUnitReportReporter -->
<testsuite hostname="DESKTOP-KMNS09Q" failures="0" tests="5" name="LoginOps.Alarm" time="16.096" errors="0" timestamp="2022-03-02T15:53:51 ICT" skipped="0">
  <testcase classname="LoginOps.Alarm" name="OutValue" time="3.960"/>
  <system-out/>
  <testcase classname="LoginOps.Alarm" name="LetterValue" time="3.194"/>
  <system-out/>
  <testcase classname="LoginOps.Alarm" name="BlankValue" time="3.174"/>
  <system-out/>
  <testcase classname="LoginOps.Alarm" name="PassValue" time="3.008"/>
  <system-out/>
  <testcase classname="LoginOps.Alarm" name="SpecialCharValue" time="2.760"/>
  <system-out/>
</testsuite> <!-- LoginOps.Alarm -->
