<?xml version="1.0" encoding="UTF-8"?>
<!-- Generated by org.testng.reporters.JUnitReportReporter -->
<testsuite hostname="DESKTOP-KMNS09Q" failures="0" tests="6" name="LoginOps.sTimeOut" time="20.616" errors="0" timestamp="2022-03-02T14:38:15 ICT" skipped="0">
  <testcase classname="LoginOps.sTimeOut" name="FailValue" time="2.949"/>
  <system-out/>
  <testcase classname="LoginOps.sTimeOut" name="FailValue4" time="3.886"/>
  <system-out/>
  <testcase classname="LoginOps.sTimeOut" name="PassValue" time="4.348"/>
  <system-out/>
  <testcase classname="LoginOps.sTimeOut" name="FailValue3" time="2.961"/>
  <system-out/>
  <testcase classname="LoginOps.sTimeOut" name="FailValue2" time="2.974"/>
  <system-out/>
  <testcase classname="LoginOps.sTimeOut" name="FailValue1" time="3.498"/>
  <system-out/>
</testsuite> <!-- LoginOps.sTimeOut -->
