<?xml version="1.0" encoding="UTF-8"?>
<!-- Generated by org.testng.reporters.JUnitReportReporter -->
<testsuite hostname="DESKTOP-KMNS09Q" failures="0" tests="5" name="LoginOps.MaxConcurrentssPerUser" time="15.303" errors="0" timestamp="2022-03-02T15:53:51 ICT" skipped="0">
  <testcase classname="LoginOps.MaxConcurrentssPerUser" name="SpecialCharValue" time="2.866"/>
  <system-out/>
  <testcase classname="LoginOps.MaxConcurrentssPerUser" name="BlankValue" time="2.884"/>
  <system-out/>
  <testcase classname="LoginOps.MaxConcurrentssPerUser" name="LetterValue" time="3.683"/>
  <system-out/>
  <testcase classname="LoginOps.MaxConcurrentssPerUser" name="PassValue" time="2.964"/>
  <system-out/>
  <testcase classname="LoginOps.MaxConcurrentssPerUser" name="OutValue" time="2.906"/>
  <system-out/>
</testsuite> <!-- LoginOps.MaxConcurrentssPerUser -->
