<?xml version="1.0" encoding="UTF-8"?>
<!-- Generated by org.testng.reporters.JUnitReportReporter -->
<testsuite hostname="DESKTOP-KMNS09Q" failures="0" tests="5" name="LoginOps.timeOut" time="14.761" errors="0" timestamp="2022-03-02T15:53:51 ICT" skipped="0">
  <testcase classname="LoginOps.timeOut" name="PassValue" time="3.066"/>
  <system-out/>
  <testcase classname="LoginOps.timeOut" name="BlankValue" time="3.083"/>
  <system-out/>
  <testcase classname="LoginOps.timeOut" name="OutValue" time="2.764"/>
  <system-out/>
  <testcase classname="LoginOps.timeOut" name="SpecialCharValue" time="3.049"/>
  <system-out/>
  <testcase classname="LoginOps.timeOut" name="LetterValue" time="2.799"/>
  <system-out/>
</testsuite> <!-- LoginOps.timeOut -->
