<?xml version="1.0" encoding="UTF-8"?>
<!-- Generated by org.testng.reporters.JUnitReportReporter -->
<testsuite hostname="DESKTOP-KMNS09Q" failures="0" tests="5" name="LoginOps.MaxConcurrentSs" time="15.941" errors="0" timestamp="2022-03-02T15:53:51 ICT" skipped="0">
  <testcase classname="LoginOps.MaxConcurrentSs" name="BlankValue" time="2.922"/>
  <system-out/>
  <testcase classname="LoginOps.MaxConcurrentSs" name="OutValue" time="4.119"/>
  <system-out/>
  <testcase classname="LoginOps.MaxConcurrentSs" name="LetterValue" time="2.797"/>
  <system-out/>
  <testcase classname="LoginOps.MaxConcurrentSs" name="PassValue" time="3.345"/>
  <system-out/>
  <testcase classname="LoginOps.MaxConcurrentSs" name="SpecialCharValue" time="2.758"/>
  <system-out/>
</testsuite> <!-- LoginOps.MaxConcurrentSs -->
